[debug] [2022-11-25T17:18:54.209Z] ----------------------------------------------------------------------
[debug] [2022-11-25T17:18:54.211Z] Command:       C:\Program Files\nodejs\node.exe C:\Program Files\nodejs\node_modules\firebase-tools\lib\bin\firebase.js init functions
[debug] [2022-11-25T17:18:54.212Z] CLI Version:   11.16.1
[debug] [2022-11-25T17:18:54.212Z] Platform:      win32
[debug] [2022-11-25T17:18:54.212Z] Node Version:  v16.16.0
[debug] [2022-11-25T17:18:54.214Z] Time:          Fri Nov 25 2022 20:18:54 GMT+0300 (GMT+03:00)
[debug] [2022-11-25T17:18:54.214Z] ----------------------------------------------------------------------
[debug] 
[debug] [2022-11-25T17:18:54.224Z] > command requires scopes: ["email","openid","https://www.googleapis.com/auth/cloudplatformprojects.readonly","https://www.googleapis.com/auth/firebase","https://www.googleapis.com/auth/cloud-platform"]
[debug] [2022-11-25T17:18:54.224Z] > authorizing via signed-in user (timasarakaev@gmail.com)
[info] 
     ######## #### ########  ######## ########     ###     ######  ########
     ##        ##  ##     ## ##       ##     ##  ##   ##  ##       ##
     ######    ##  ########  ######   ########  #########  ######  ######
     ##        ##  ##    ##  ##       ##     ## ##     ##       ## ##
     ##       #### ##     ## ######## ########  ##     ##  ######  ########

You're about to initialize a Firebase project in this directory:

  C:\Users\PC\Desktop\All Desktop\Web Propgramming\React\workproject\todolist

[info] 
=== Project Setup
[info] 
[info] First, let's associate this project directory with a Firebase project.
[info] You can create multiple project aliases by running firebase use --add, 
[info] but for now we'll just set up a default project.
[info] 
[debug] [2022-11-25T17:19:24.435Z] >>> [apiv2][query] GET https://firebase.googleapis.com/v1beta1/projects pageSize=100
[debug] [2022-11-25T17:19:25.037Z] <<< [apiv2][status] GET https://firebase.googleapis.com/v1beta1/projects 200
[debug] [2022-11-25T17:19:25.037Z] <<< [apiv2][body] GET https://firebase.googleapis.com/v1beta1/projects [omitted]
[info] i  Using project todo-e62a9 (todo) 
[info] 
=== Functions Setup
[debug] [2022-11-25T17:19:27.716Z] > command requires scopes: ["email","openid","https://www.googleapis.com/auth/cloudplatformprojects.readonly","https://www.googleapis.com/auth/firebase","https://www.googleapis.com/auth/cloud-platform"]
[debug] [2022-11-25T17:19:27.716Z] > authorizing via signed-in user (timasarakaev@gmail.com)
[debug] [2022-11-25T17:19:27.717Z] [iam] checking project todo-e62a9 for permissions ["firebase.projects.get"]
[debug] [2022-11-25T17:19:27.717Z] >>> [apiv2][query] POST https://cloudresourcemanager.googleapis.com/v1/projects/todo-e62a9:testIamPermissions [none]
[debug] [2022-11-25T17:19:27.717Z] >>> [apiv2][(partial)header] POST https://cloudresourcemanager.googleapis.com/v1/projects/todo-e62a9:testIamPermissions x-goog-quota-user=projects/todo-e62a9
[debug] [2022-11-25T17:19:27.718Z] >>> [apiv2][body] POST https://cloudresourcemanager.googleapis.com/v1/projects/todo-e62a9:testIamPermissions {"permissions":["firebase.projects.get"]}
[debug] [2022-11-25T17:19:28.715Z] <<< [apiv2][status] POST https://cloudresourcemanager.googleapis.com/v1/projects/todo-e62a9:testIamPermissions 200
[debug] [2022-11-25T17:19:28.716Z] <<< [apiv2][body] POST https://cloudresourcemanager.googleapis.com/v1/projects/todo-e62a9:testIamPermissions {"permissions":["firebase.projects.get"]}
[debug] [2022-11-25T17:19:28.717Z] >>> [apiv2][query] GET https://serviceusage.googleapis.com/v1/projects/todo-e62a9/services/cloudfunctions.googleapis.com [none]
[debug] [2022-11-25T17:19:28.717Z] >>> [apiv2][(partial)header] GET https://serviceusage.googleapis.com/v1/projects/todo-e62a9/services/cloudfunctions.googleapis.com x-goog-quota-user=projects/todo-e62a9
[debug] [2022-11-25T17:19:28.719Z] >>> [apiv2][query] GET https://serviceusage.googleapis.com/v1/projects/todo-e62a9/services/runtimeconfig.googleapis.com [none]
[debug] [2022-11-25T17:19:28.719Z] >>> [apiv2][(partial)header] GET https://serviceusage.googleapis.com/v1/projects/todo-e62a9/services/runtimeconfig.googleapis.com x-goog-quota-user=projects/todo-e62a9
[debug] [2022-11-25T17:19:29.856Z] <<< [apiv2][status] GET https://serviceusage.googleapis.com/v1/projects/todo-e62a9/services/cloudfunctions.googleapis.com 200
[debug] [2022-11-25T17:19:29.856Z] <<< [apiv2][body] GET https://serviceusage.googleapis.com/v1/projects/todo-e62a9/services/cloudfunctions.googleapis.com [omitted]
[debug] [2022-11-25T17:19:29.856Z] >>> [apiv2][query] POST https://serviceusage.googleapis.com/v1/projects/todo-e62a9/services/cloudfunctions.googleapis.com:enable [none]
[debug] [2022-11-25T17:19:29.856Z] >>> [apiv2][(partial)header] POST https://serviceusage.googleapis.com/v1/projects/todo-e62a9/services/cloudfunctions.googleapis.com:enable x-goog-quota-user=projects/todo-e62a9
[debug] [2022-11-25T17:19:29.860Z] <<< [apiv2][status] GET https://serviceusage.googleapis.com/v1/projects/todo-e62a9/services/runtimeconfig.googleapis.com 200
[debug] [2022-11-25T17:19:29.860Z] <<< [apiv2][body] GET https://serviceusage.googleapis.com/v1/projects/todo-e62a9/services/runtimeconfig.googleapis.com [omitted]
[debug] [2022-11-25T17:19:31.554Z] <<< [apiv2][status] POST https://serviceusage.googleapis.com/v1/projects/todo-e62a9/services/cloudfunctions.googleapis.com:enable 200
[debug] [2022-11-25T17:19:31.554Z] <<< [apiv2][body] POST https://serviceusage.googleapis.com/v1/projects/todo-e62a9/services/cloudfunctions.googleapis.com:enable [omitted]
[debug] [2022-11-25T17:19:41.571Z] >>> [apiv2][query] GET https://serviceusage.googleapis.com/v1/projects/todo-e62a9/services/cloudfunctions.googleapis.com [none]
[debug] [2022-11-25T17:19:41.571Z] >>> [apiv2][(partial)header] GET https://serviceusage.googleapis.com/v1/projects/todo-e62a9/services/cloudfunctions.googleapis.com x-goog-quota-user=projects/todo-e62a9
[debug] [2022-11-25T17:19:42.626Z] <<< [apiv2][status] GET https://serviceusage.googleapis.com/v1/projects/todo-e62a9/services/cloudfunctions.googleapis.com 200
[debug] [2022-11-25T17:19:42.626Z] <<< [apiv2][body] GET https://serviceusage.googleapis.com/v1/projects/todo-e62a9/services/cloudfunctions.googleapis.com [omitted]
[info] Let's create a new codebase for your functions.
[info] A directory corresponding to the codebase will be created in your project
[info] with sample code pre-configured.

[info] See https://firebase.google.com/docs/functions/organize-functions for
[info] more information on organizing your functions using codebases.

[info] Functions can be deployed with firebase deploy.

